<?xml version="1.0" encoding="UTF-8"?>
<!-- Generated by org.testng.reporters.JUnitXMLReporter -->
<testsuite ignored="1" hostname="LAPTOP-3BL16AQ1" failures="0" tests="5" name="Test" time="17.055" errors="0" timestamp="2022-09-12T19:51:14 IST">
  <testcase classname="TestNg.TestNgExample_Enabled" name="enterUsername" time="1.311"/>
  <testcase classname="TestNg.TestNgExample_DependsOnMethods2" name="enterUsername" time="1.482"/>
  <testcase classname="TestNg.TestNgExample_Enabled" name="enterPassword" time="1.039"/>
  <testcase classname="TestNg.TestNgExample_DependsOnMethods2" name="enterPassword" time="0.514"/>
  <testcase classname="TestNg.TestNgExample_DependsOnMethods2" name="clickLogin" time="3.957"/>
  <testcase classname="TestNg.TestNgExample_Enabled" name="clickLogin" time="0.0">
    <ignored/>
  </testcase> <!-- clickLogin -->
</testsuite> <!-- Test -->
