<?xml version="1.0" encoding="UTF-8"?>
<testng-results ignored="0" total="3" passed="3" failed="0" skipped="0">
  <reporter-output>
  </reporter-output>
  <suite started-at="2022-09-21T19:39:05 IST" name="Default suite" finished-at="2022-09-21T19:39:29 IST" duration-ms="23943">
    <groups>
    </groups>
    <test started-at="2022-09-21T19:39:05 IST" name="Default test" finished-at="2022-09-21T19:39:29 IST" duration-ms="23943">
      <class name="DataDrivenFramework.TestNgExample2">
        <test-method is-config="true" signature="verifyFile()[pri:0, instance:DataDrivenFramework.TestNgExample2@25ce9dc4]" started-at="2022-09-21T19:39:02 IST" name="verifyFile" finished-at="2022-09-21T19:39:05 IST" duration-ms="2123" status="PASS">
          <reporter-output>
          </reporter-output>
        </test-method> <!-- verifyFile -->
        <test-method is-config="true" signature="launchBrowser()[pri:0, instance:DataDrivenFramework.TestNgExample2@25ce9dc4]" started-at="2022-09-21T19:39:05 IST" name="launchBrowser" finished-at="2022-09-21T19:39:11 IST" duration-ms="6346" status="PASS">
          <reporter-output>
          </reporter-output>
        </test-method> <!-- launchBrowser -->
        <test-method is-config="true" signature="launchURL()[pri:0, instance:DataDrivenFramework.TestNgExample2@25ce9dc4]" started-at="2022-09-21T19:39:11 IST" name="launchURL" finished-at="2022-09-21T19:39:17 IST" duration-ms="5705" status="PASS">
          <reporter-output>
          </reporter-output>
        </test-method> <!-- launchURL -->
        <test-method is-config="true" signature="getTitle()[pri:0, instance:DataDrivenFramework.TestNgExample2@25ce9dc4]" started-at="2022-09-21T19:39:17 IST" name="getTitle" finished-at="2022-09-21T19:39:17 IST" duration-ms="6" status="PASS">
          <reporter-output>
          </reporter-output>
        </test-method> <!-- getTitle -->
        <test-method signature="enterUsername()[pri:1, instance:DataDrivenFramework.TestNgExample2@25ce9dc4]" started-at="2022-09-21T19:39:17 IST" name="enterUsername" finished-at="2022-09-21T19:39:26 IST" duration-ms="9428" status="PASS">
          <reporter-output>
          </reporter-output>
        </test-method> <!-- enterUsername -->
        <test-method is-config="true" signature="waitForSometime()[pri:0, instance:DataDrivenFramework.TestNgExample2@25ce9dc4]" started-at="2022-09-21T19:39:26 IST" name="waitForSometime" finished-at="2022-09-21T19:39:26 IST" duration-ms="50" status="PASS">
          <reporter-output>
          </reporter-output>
        </test-method> <!-- waitForSometime -->
        <test-method is-config="true" signature="getTitle()[pri:0, instance:DataDrivenFramework.TestNgExample2@25ce9dc4]" started-at="2022-09-21T19:39:26 IST" name="getTitle" finished-at="2022-09-21T19:39:26 IST" duration-ms="8" status="PASS">
          <reporter-output>
          </reporter-output>
        </test-method> <!-- getTitle -->
        <test-method signature="enterPassword()[pri:2, instance:DataDrivenFramework.TestNgExample2@25ce9dc4]" started-at="2022-09-21T19:39:26 IST" name="enterPassword" finished-at="2022-09-21T19:39:28 IST" duration-ms="2072" status="PASS">
          <reporter-output>
          </reporter-output>
        </test-method> <!-- enterPassword -->
        <test-method is-config="true" signature="waitForSometime()[pri:0, instance:DataDrivenFramework.TestNgExample2@25ce9dc4]" started-at="2022-09-21T19:39:28 IST" name="waitForSometime" finished-at="2022-09-21T19:39:28 IST" duration-ms="6" status="PASS">
          <reporter-output>
          </reporter-output>
        </test-method> <!-- waitForSometime -->
        <test-method is-config="true" signature="getTitle()[pri:0, instance:DataDrivenFramework.TestNgExample2@25ce9dc4]" started-at="2022-09-21T19:39:28 IST" name="getTitle" finished-at="2022-09-21T19:39:28 IST" duration-ms="7" status="PASS">
          <reporter-output>
          </reporter-output>
        </test-method> <!-- getTitle -->
        <test-method signature="clickLogin()[pri:3, instance:DataDrivenFramework.TestNgExample2@25ce9dc4]" started-at="2022-09-21T19:39:28 IST" name="clickLogin" finished-at="2022-09-21T19:39:28 IST" duration-ms="150" status="PASS">
          <reporter-output>
          </reporter-output>
        </test-method> <!-- clickLogin -->
        <test-method is-config="true" signature="waitForSometime()[pri:0, instance:DataDrivenFramework.TestNgExample2@25ce9dc4]" started-at="2022-09-21T19:39:28 IST" name="waitForSometime" finished-at="2022-09-21T19:39:29 IST" duration-ms="31" status="PASS">
          <reporter-output>
          </reporter-output>
        </test-method> <!-- waitForSometime -->
        <test-method is-config="true" signature="closeBrowser()[pri:0, instance:DataDrivenFramework.TestNgExample2@25ce9dc4]" started-at="2022-09-21T19:39:29 IST" name="closeBrowser" finished-at="2022-09-21T19:39:29 IST" duration-ms="806" status="PASS">
          <reporter-output>
          </reporter-output>
        </test-method> <!-- closeBrowser -->
      </class> <!-- DataDrivenFramework.TestNgExample2 -->
    </test> <!-- Default test -->
  </suite> <!-- Default suite -->
</testng-results>
