<?xml version="1.0" encoding="UTF-8"?>
<!-- Generated by org.testng.reporters.JUnitXMLReporter -->
<testsuite ignored="0" hostname="LAPTOP-3BL16AQ1" failures="0" tests="3" name="Default test" time="23.943" errors="0" timestamp="2022-09-21T19:39:29 IST">
  <testcase classname="DataDrivenFramework.TestNgExample2" name="enterUsername" time="9.428"/>
  <testcase classname="DataDrivenFramework.TestNgExample2" name="enterPassword" time="2.072"/>
  <testcase classname="DataDrivenFramework.TestNgExample2" name="clickLogin" time="0.15"/>
</testsuite> <!-- Default test -->
